<?xml version="1.0" encoding="UTF-8"?>
<!-- Generated by org.testng.reporters.JUnitXMLReporter -->
<testsuite ignored="1" hostname="BINTERNS-QA44L" failures="0" tests="3" name="Default test" time="18.815" errors="0" timestamp="2023-05-12T13:21:53 IST">
  <testcase classname="com.easeMyTrip.test.GiftCardTest" name="pageTitleTest" time="4.353"/>
  <testcase classname="com.easeMyTrip.test.GiftCardTest" name="GiftCardslinkFunc_Test" time="4.807"/>
  <testcase classname="com.easeMyTrip.test.GiftCardTest" name="GiftSent_Test" time="0.697"/>
  <testcase classname="com.easeMyTrip.test.GiftCardTest" name="GiftCard_Test" time="0.0">
    <ignored/>
  </testcase> <!-- GiftCard_Test -->
</testsuite> <!-- Default test -->
