<?xml version="1.0" encoding="UTF-8"?>
<!-- Generated by org.testng.reporters.JUnitXMLReporter -->
<testsuite ignored="0" hostname="BINTERNS-QA44L" failures="0" tests="10" name="Default test" time="58.871" errors="0" timestamp="2023-05-15T16:49:38 IST">
  <testcase classname="com.easeMyTrip.test.TrainBookingTest" name="pageTitle_Test" time="3.436"/>
  <testcase classname="com.easeMyTrip.test.TrainBookingTest" name="SearchBtn_func_Test" time="2.093"/>
  <testcase classname="com.easeMyTrip.test.TrainBookingTest" name="SearchResult_Test" time="8.09"/>
  <testcase classname="com.easeMyTrip.test.TrainBookingTest" name="ModifyBtn_Test" time="7.916"/>
  <testcase classname="com.easeMyTrip.test.TrainBookingTest" name="BookBTn_Test" time="4.287"/>
  <testcase classname="com.easeMyTrip.test.TrainBookingTest" name="cntnueBtn_Test" time="3.644"/>
  <testcase classname="com.easeMyTrip.test.TrainBookingTest" name="SaveBtn_Test" time="0.081"/>
  <testcase classname="com.easeMyTrip.test.TrainBookingTest" name="TotalPrice_Test" time="0.053"/>
  <testcase classname="com.easeMyTrip.test.TrainBookingTest" name="Travellerdetails_Test" time="9.099"/>
  <testcase classname="com.easeMyTrip.test.TrainBookingTest" name="PaymentMethod_Test" time="11.011"/>
</testsuite> <!-- Default test -->
