<?xml version="1.0" encoding="UTF-8"?>
<testng-results ignored="1" total="4" passed="3" failed="0" skipped="0">
  <reporter-output>
  </reporter-output>
  <suite started-at="2023-05-12T13:21:34 IST" name="Default suite" finished-at="2023-05-12T13:21:53 IST" duration-ms="18815">
    <groups>
    </groups>
    <test started-at="2023-05-12T13:21:34 IST" name="Default test" finished-at="2023-05-12T13:21:53 IST" duration-ms="18815">
      <class name="com.easeMyTrip.test.GiftCardTest">
        <test-method is-config="true" signature="startTest()[pri:0, instance:com.easeMyTrip.test.GiftCardTest@223d2c72]" started-at="2023-05-12T13:21:34 IST" name="startTest" finished-at="2023-05-12T13:21:34 IST" duration-ms="105" status="PASS">
          <reporter-output>
          </reporter-output>
        </test-method> <!-- startTest -->
        <test-method is-config="true" signature="SteUp()[pri:0, instance:com.easeMyTrip.test.GiftCardTest@223d2c72]" started-at="2023-05-12T13:21:34 IST" name="SteUp" finished-at="2023-05-12T13:21:43 IST" duration-ms="8931" status="PASS">
          <reporter-output>
          </reporter-output>
        </test-method> <!-- SteUp -->
        <test-method signature="pageTitleTest()[pri:0, instance:com.easeMyTrip.test.GiftCardTest@223d2c72]" started-at="2023-05-12T13:21:43 IST" name="pageTitleTest" finished-at="2023-05-12T13:21:47 IST" duration-ms="4353" status="PASS">
          <reporter-output>
          </reporter-output>
        </test-method> <!-- pageTitleTest -->
        <test-method signature="GiftCardslinkFunc_Test()[pri:0, instance:com.easeMyTrip.test.GiftCardTest@223d2c72]" started-at="2023-05-12T13:21:47 IST" name="GiftCardslinkFunc_Test" finished-at="2023-05-12T13:21:52 IST" depends-on-methods="com.easeMyTrip.test.GiftCardTest.pageTitleTest" duration-ms="4807" status="PASS">
          <reporter-output>
          </reporter-output>
        </test-method> <!-- GiftCardslinkFunc_Test -->
        <test-method signature="GiftSent_Test()[pri:0, instance:com.easeMyTrip.test.GiftCardTest@223d2c72]" started-at="2023-05-12T13:21:52 IST" name="GiftSent_Test" finished-at="2023-05-12T13:21:53 IST" depends-on-methods="com.easeMyTrip.test.GiftCardTest.GiftCardslinkFunc_Test" duration-ms="697" status="PASS">
          <reporter-output>
          </reporter-output>
        </test-method> <!-- GiftSent_Test -->
        <test-method is-config="true" signature="endTest()[pri:0, instance:com.easeMyTrip.test.GiftCardTest@223d2c72]" started-at="2023-05-12T13:21:53 IST" name="endTest" finished-at="2023-05-12T13:21:53 IST" duration-ms="139" status="PASS">
          <reporter-output>
          </reporter-output>
        </test-method> <!-- endTest -->
      </class> <!-- com.easeMyTrip.test.GiftCardTest -->
    </test> <!-- Default test -->
  </suite> <!-- Default suite -->
</testng-results>
