<?xml version="1.0" encoding="UTF-8"?>
<testng-results ignored="0" total="10" passed="10" failed="0" skipped="0">
  <reporter-output>
  </reporter-output>
  <suite started-at="2023-05-15T16:48:39 IST" name="Default suite" finished-at="2023-05-15T16:49:38 IST" duration-ms="58871">
    <groups>
    </groups>
    <test started-at="2023-05-15T16:48:39 IST" name="Default test" finished-at="2023-05-15T16:49:38 IST" duration-ms="58871">
      <class name="com.easeMyTrip.test.TrainBookingTest">
        <test-method is-config="true" signature="startTest()[pri:0, instance:com.easeMyTrip.test.TrainBookingTest@158d2680]" started-at="2023-05-15T16:48:39 IST" name="startTest" finished-at="2023-05-15T16:48:39 IST" duration-ms="99" status="PASS">
          <reporter-output>
          </reporter-output>
        </test-method> <!-- startTest -->
        <test-method is-config="true" signature="SteUp()[pri:0, instance:com.easeMyTrip.test.TrainBookingTest@158d2680]" started-at="2023-05-15T16:48:39 IST" name="SteUp" finished-at="2023-05-15T16:48:48 IST" duration-ms="8882" status="PASS">
          <reporter-output>
          </reporter-output>
        </test-method> <!-- SteUp -->
        <test-method signature="pageTitle_Test()[pri:0, instance:com.easeMyTrip.test.TrainBookingTest@158d2680]" started-at="2023-05-15T16:48:48 IST" name="pageTitle_Test" finished-at="2023-05-15T16:48:51 IST" duration-ms="3436" status="PASS">
          <reporter-output>
          </reporter-output>
        </test-method> <!-- pageTitle_Test -->
        <test-method signature="SearchBtn_func_Test()[pri:0, instance:com.easeMyTrip.test.TrainBookingTest@158d2680]" started-at="2023-05-15T16:48:51 IST" name="SearchBtn_func_Test" finished-at="2023-05-15T16:48:53 IST" depends-on-methods="com.easeMyTrip.test.TrainBookingTest.pageTitle_Test" duration-ms="2093" status="PASS">
          <reporter-output>
          </reporter-output>
        </test-method> <!-- SearchBtn_func_Test -->
        <test-method signature="SearchResult_Test()[pri:0, instance:com.easeMyTrip.test.TrainBookingTest@158d2680]" started-at="2023-05-15T16:48:53 IST" name="SearchResult_Test" finished-at="2023-05-15T16:49:01 IST" depends-on-methods="com.easeMyTrip.test.TrainBookingTest.SearchBtn_func_Test" duration-ms="8090" status="PASS">
          <reporter-output>
          </reporter-output>
        </test-method> <!-- SearchResult_Test -->
        <test-method signature="ModifyBtn_Test()[pri:0, instance:com.easeMyTrip.test.TrainBookingTest@158d2680]" started-at="2023-05-15T16:49:01 IST" name="ModifyBtn_Test" finished-at="2023-05-15T16:49:09 IST" depends-on-methods="com.easeMyTrip.test.TrainBookingTest.SearchResult_Test" duration-ms="7916" status="PASS">
          <reporter-output>
          </reporter-output>
        </test-method> <!-- ModifyBtn_Test -->
        <test-method signature="BookBTn_Test()[pri:0, instance:com.easeMyTrip.test.TrainBookingTest@158d2680]" started-at="2023-05-15T16:49:09 IST" name="BookBTn_Test" finished-at="2023-05-15T16:49:13 IST" depends-on-methods="com.easeMyTrip.test.TrainBookingTest.ModifyBtn_Test" duration-ms="4287" status="PASS">
          <reporter-output>
          </reporter-output>
        </test-method> <!-- BookBTn_Test -->
        <test-method signature="cntnueBtn_Test()[pri:0, instance:com.easeMyTrip.test.TrainBookingTest@158d2680]" started-at="2023-05-15T16:49:13 IST" name="cntnueBtn_Test" finished-at="2023-05-15T16:49:17 IST" depends-on-methods="com.easeMyTrip.test.TrainBookingTest.BookBTn_Test" duration-ms="3644" status="PASS">
          <reporter-output>
          </reporter-output>
        </test-method> <!-- cntnueBtn_Test -->
        <test-method signature="SaveBtn_Test()[pri:0, instance:com.easeMyTrip.test.TrainBookingTest@158d2680]" started-at="2023-05-15T16:49:17 IST" name="SaveBtn_Test" finished-at="2023-05-15T16:49:17 IST" depends-on-methods="com.easeMyTrip.test.TrainBookingTest.cntnueBtn_Test" duration-ms="81" status="PASS">
          <reporter-output>
          </reporter-output>
        </test-method> <!-- SaveBtn_Test -->
        <test-method signature="TotalPrice_Test()[pri:0, instance:com.easeMyTrip.test.TrainBookingTest@158d2680]" started-at="2023-05-15T16:49:17 IST" name="TotalPrice_Test" finished-at="2023-05-15T16:49:17 IST" depends-on-methods="com.easeMyTrip.test.TrainBookingTest.cntnueBtn_Test" duration-ms="53" status="PASS">
          <reporter-output>
          </reporter-output>
        </test-method> <!-- TotalPrice_Test -->
        <test-method signature="Travellerdetails_Test()[pri:0, instance:com.easeMyTrip.test.TrainBookingTest@158d2680]" started-at="2023-05-15T16:49:17 IST" name="Travellerdetails_Test" finished-at="2023-05-15T16:49:26 IST" depends-on-methods="com.easeMyTrip.test.TrainBookingTest.TotalPrice_Test" duration-ms="9099" status="PASS">
          <reporter-output>
          </reporter-output>
        </test-method> <!-- Travellerdetails_Test -->
        <test-method signature="PaymentMethod_Test()[pri:0, instance:com.easeMyTrip.test.TrainBookingTest@158d2680]" started-at="2023-05-15T16:49:26 IST" name="PaymentMethod_Test" finished-at="2023-05-15T16:49:37 IST" depends-on-methods="com.easeMyTrip.test.TrainBookingTest.Travellerdetails_Test" duration-ms="11011" status="PASS">
          <reporter-output>
          </reporter-output>
        </test-method> <!-- PaymentMethod_Test -->
        <test-method is-config="true" signature="TearDown()[pri:0, instance:com.easeMyTrip.test.TrainBookingTest@158d2680]" started-at="2023-05-15T16:49:37 IST" name="TearDown" finished-at="2023-05-15T16:49:38 IST" duration-ms="248" status="PASS">
          <reporter-output>
          </reporter-output>
        </test-method> <!-- TearDown -->
        <test-method is-config="true" signature="endTest()[pri:0, instance:com.easeMyTrip.test.TrainBookingTest@158d2680]" started-at="2023-05-15T16:49:38 IST" name="endTest" finished-at="2023-05-15T16:49:38 IST" duration-ms="181" status="PASS">
          <reporter-output>
          </reporter-output>
        </test-method> <!-- endTest -->
      </class> <!-- com.easeMyTrip.test.TrainBookingTest -->
    </test> <!-- Default test -->
  </suite> <!-- Default suite -->
</testng-results>
